<?xml version="1.0" encoding="UTF-8"?>
<testsuite name="Tanks.SampleTest" tests="1" skipped="0" failures="0" errors="0" timestamp="2024-05-07T16:37:26" hostname="Aaryans-MacBook-Air.local" time="0.009">
  <properties/>
  <testcase name="simpleTest()" classname="Tanks.SampleTest" time="0.009"/>
  <system-out><![CDATA[]]></system-out>
  <system-err><![CDATA[]]></system-err>
</testsuite>
