<?xml version="1.0" encoding="UTF-8"?>
<testsuite name="Tanks.TestCases" tests="17" skipped="0" failures="0" errors="0" timestamp="2024-05-12T04:30:28" hostname="Aaryans-MacBook-Air.local" time="18.569">
  <properties/>
  <testcase name="checkMousePressedPowerUps()" classname="Tanks.TestCases" time="1.666"/>
  <testcase name="checkShowPowerUp()" classname="Tanks.TestCases" time="1.223"/>
  <testcase name="checkTankEdgeCases()" classname="Tanks.TestCases" time="1.208"/>
  <testcase name="checkParachuteAndFallDamage()" classname="Tanks.TestCases" time="1.22"/>
  <testcase name="checkPowerUps()" classname="Tanks.TestCases" time="1.195"/>
  <testcase name="testGameBoardDimensions()" classname="Tanks.TestCases" time="0.0"/>
  <testcase name="checkNewLevel()" classname="Tanks.TestCases" time="1.108"/>
  <testcase name="testInitialGameState()" classname="Tanks.TestCases" time="1.101"/>
  <testcase name="checkGameEnd()" classname="Tanks.TestCases" time="1.151"/>
  <testcase name="testTerrainSetup()" classname="Tanks.TestCases" time="1.072"/>
  <testcase name="checkTankMovement()" classname="Tanks.TestCases" time="1.083"/>
  <testcase name="testExplosion()" classname="Tanks.TestCases" time="1.056"/>
  <testcase name="testWindConditions()" classname="Tanks.TestCases" time="1.098"/>
  <testcase name="buttonPressTestShoot()" classname="Tanks.TestCases" time="1.096"/>
  <testcase name="testPowerUps()" classname="Tanks.TestCases" time="1.105"/>
  <testcase name="checkBulletExplosionAndDamage()" classname="Tanks.TestCases" time="1.095"/>
  <testcase name="testPowerUpDisplay()" classname="Tanks.TestCases" time="1.077"/>
  <system-out><![CDATA[]]></system-out>
  <system-err><![CDATA[]]></system-err>
</testsuite>
